[2022-01-27 23:17:07,425: INFO: stage2_prepare_base_model]: >>>>> stage two started
[2022-01-27 23:17:07,426: INFO: all_utils]: yaml file: config/config.yaml loaded successfully
[2022-01-27 23:17:07,426: ERROR: stage2_prepare_base_model]: [Errno 2] No such file or directory: 'params.yaml'
Traceback (most recent call last):
  File "/home/subhadip/Desktop/dvc-tf/src/stage2_prepare_base_model.py", line 67, in <module>
    prepare_base_model(config_path=parsed_args.config, params_path=parsed_args.params)
  File "/home/subhadip/Desktop/dvc-tf/src/stage2_prepare_base_model.py", line 16, in prepare_base_model
    params = read_yaml(params_path)
  File "/home/subhadip/Desktop/dvc-tf/src/utils/all_utils.py", line 8, in read_yaml
    with open(path_to_yaml) as yaml_file:
FileNotFoundError: [Errno 2] No such file or directory: 'params.yaml'
[2022-01-27 23:17:28,519: INFO: stage2_prepare_base_model]: >>>>> stage two started
[2022-01-27 23:17:28,520: INFO: all_utils]: yaml file: ./config/config.yaml loaded successfully
[2022-01-27 23:17:28,520: ERROR: stage2_prepare_base_model]: [Errno 2] No such file or directory: './params.yaml'
Traceback (most recent call last):
  File "/home/subhadip/Desktop/dvc-tf/src/stage2_prepare_base_model.py", line 67, in <module>
    prepare_base_model(config_path=parsed_args.config, params_path=parsed_args.params)
  File "/home/subhadip/Desktop/dvc-tf/src/stage2_prepare_base_model.py", line 16, in prepare_base_model
    params = read_yaml(params_path)
  File "/home/subhadip/Desktop/dvc-tf/src/utils/all_utils.py", line 8, in read_yaml
    with open(path_to_yaml) as yaml_file:
FileNotFoundError: [Errno 2] No such file or directory: './params.yaml'
[2022-01-27 23:18:18,981: INFO: stage2_prepare_base_model]: >>>>> stage two started
[2022-01-27 23:18:18,983: INFO: all_utils]: yaml file: ./config/config.yaml loaded successfully
[2022-01-27 23:18:18,983: ERROR: stage2_prepare_base_model]: [Errno 2] No such file or directory: './params.yaml'
Traceback (most recent call last):
  File "/home/subhadip/Desktop/dvc-tf/src/stage2_prepare_base_model.py", line 67, in <module>
    prepare_base_model(config_path=parsed_args.config, params_path=parsed_args.params)
  File "/home/subhadip/Desktop/dvc-tf/src/stage2_prepare_base_model.py", line 16, in prepare_base_model
    params = read_yaml(params_path)
  File "/home/subhadip/Desktop/dvc-tf/src/utils/all_utils.py", line 8, in read_yaml
    with open(path_to_yaml) as yaml_file:
FileNotFoundError: [Errno 2] No such file or directory: './params.yaml'
[2022-01-27 23:18:24,771: INFO: stage2_prepare_base_model]: >>>>> stage two started
[2022-01-27 23:18:24,773: INFO: all_utils]: yaml file: ./config/config.yaml loaded successfully
[2022-01-27 23:18:24,773: ERROR: stage2_prepare_base_model]: [Errno 2] No such file or directory: './params.yaml'
Traceback (most recent call last):
  File "/home/subhadip/Desktop/dvc-tf/src/stage2_prepare_base_model.py", line 67, in <module>
    prepare_base_model(config_path=parsed_args.config, params_path=parsed_args.params)
  File "/home/subhadip/Desktop/dvc-tf/src/stage2_prepare_base_model.py", line 16, in prepare_base_model
    params = read_yaml(params_path)
  File "/home/subhadip/Desktop/dvc-tf/src/utils/all_utils.py", line 8, in read_yaml
    with open(path_to_yaml) as yaml_file:
FileNotFoundError: [Errno 2] No such file or directory: './params.yaml'
[2022-01-27 23:18:30,957: INFO: stage2_prepare_base_model]: >>>>> stage two started
[2022-01-27 23:18:30,959: INFO: all_utils]: yaml file: ./config/config.yaml loaded successfully
[2022-01-27 23:18:30,960: ERROR: stage2_prepare_base_model]: [Errno 2] No such file or directory: 'params.yaml'
Traceback (most recent call last):
  File "/home/subhadip/Desktop/dvc-tf/src/stage2_prepare_base_model.py", line 67, in <module>
    prepare_base_model(config_path=parsed_args.config, params_path=parsed_args.params)
  File "/home/subhadip/Desktop/dvc-tf/src/stage2_prepare_base_model.py", line 16, in prepare_base_model
    params = read_yaml(params_path)
  File "/home/subhadip/Desktop/dvc-tf/src/utils/all_utils.py", line 8, in read_yaml
    with open(path_to_yaml) as yaml_file:
FileNotFoundError: [Errno 2] No such file or directory: 'params.yaml'
[2022-01-27 23:19:52,021: INFO: stage2_prepare_base_model]: >>>>> stage two started
[2022-01-27 23:19:52,023: INFO: all_utils]: yaml file: ./config/config.yaml loaded successfully
[2022-01-27 23:19:52,023: ERROR: stage2_prepare_base_model]: [Errno 2] No such file or directory: 'params.yaml'
Traceback (most recent call last):
  File "/home/subhadip/Desktop/dvc-tf/src/stage2_prepare_base_model.py", line 67, in <module>
    prepare_base_model(config_path=parsed_args.config, params_path=parsed_args.params)
  File "/home/subhadip/Desktop/dvc-tf/src/stage2_prepare_base_model.py", line 16, in prepare_base_model
    params = read_yaml(params_path)
  File "/home/subhadip/Desktop/dvc-tf/src/utils/all_utils.py", line 8, in read_yaml
    with open(path_to_yaml) as yaml_file:
FileNotFoundError: [Errno 2] No such file or directory: 'params.yaml'
[2022-01-27 23:19:57,615: INFO: stage2_prepare_base_model]: >>>>> stage two started
[2022-01-27 23:19:57,616: INFO: all_utils]: yaml file: ./config/config.yaml loaded successfully
[2022-01-27 23:19:57,616: ERROR: stage2_prepare_base_model]: [Errno 2] No such file or directory: './params.yaml'
Traceback (most recent call last):
  File "/home/subhadip/Desktop/dvc-tf/src/stage2_prepare_base_model.py", line 67, in <module>
    prepare_base_model(config_path=parsed_args.config, params_path=parsed_args.params)
  File "/home/subhadip/Desktop/dvc-tf/src/stage2_prepare_base_model.py", line 16, in prepare_base_model
    params = read_yaml(params_path)
  File "/home/subhadip/Desktop/dvc-tf/src/utils/all_utils.py", line 8, in read_yaml
    with open(path_to_yaml) as yaml_file:
FileNotFoundError: [Errno 2] No such file or directory: './params.yaml'
[2022-01-27 23:20:47,943: INFO: stage2_prepare_base_model]: >>>>> stage two started
[2022-01-27 23:20:47,944: INFO: all_utils]: yaml file: ./config/config.yaml loaded successfully
[2022-01-27 23:20:47,945: INFO: all_utils]: yaml file: ./param.yaml loaded successfully
[2022-01-27 23:20:47,945: INFO: all_utils]: directory is created at artifacts/base_model
[2022-01-27 23:21:05,656: WARNING: saving_utils]: Compiled the loaded model, but the compiled metrics have yet to be built. `model.compile_metrics` will be empty until you train or evaluate the model.
[2022-01-27 23:21:05,713: INFO: models]: VGG16 base model saved at: artifacts/base_model/VGG16.h5
[2022-01-27 23:21:05,725: INFO: models]: custom model is compiled and ready to be trained
[2022-01-27 23:21:05,728: INFO: stage2_prepare_base_model]: full model summary: 
Model: "model"
_________________________________________________________________
 Layer (type)                Output Shape              Param #   
=================================================================
 input_1 (InputLayer)        [(None, 224, 224, 3)]     0         
                                                                 
 block1_conv1 (Conv2D)       (None, 224, 224, 64)      1792      
                                                                 
 block1_conv2 (Conv2D)       (None, 224, 224, 64)      36928     
                                                                 
 block1_pool (MaxPooling2D)  (None, 112, 112, 64)      0         
                                                                 
 block2_conv1 (Conv2D)       (None, 112, 112, 128)     73856     
                                                                 
 block2_conv2 (Conv2D)       (None, 112, 112, 128)     147584    
                                                                 
 block2_pool (MaxPooling2D)  (None, 56, 56, 128)       0         
                                                                 
 block3_conv1 (Conv2D)       (None, 56, 56, 256)       295168    
                                                                 
 block3_conv2 (Conv2D)       (None, 56, 56, 256)       590080    
                                                                 
 block3_conv3 (Conv2D)       (None, 56, 56, 256)       590080    
                                                                 
 block3_pool (MaxPooling2D)  (None, 28, 28, 256)       0         
                                                                 
 block4_conv1 (Conv2D)       (None, 28, 28, 512)       1180160   
                                                                 
 block4_conv2 (Conv2D)       (None, 28, 28, 512)       2359808   
                                                                 
 block4_conv3 (Conv2D)       (None, 28, 28, 512)       2359808   
                                                                 
 block4_pool (MaxPooling2D)  (None, 14, 14, 512)       0         
                                                                 
 block5_conv1 (Conv2D)       (None, 14, 14, 512)       2359808   
                                                                 
 block5_conv2 (Conv2D)       (None, 14, 14, 512)       2359808   
                                                                 
 block5_conv3 (Conv2D)       (None, 14, 14, 512)       2359808   
                                                                 
 block5_pool (MaxPooling2D)  (None, 7, 7, 512)         0         
                                                                 
 flatten (Flatten)           (None, 25088)             0         
                                                                 
 dense (Dense)               (None, 2)                 50178     
                                                                 
=================================================================
Total params: 14,764,866
Trainable params: 50,178
Non-trainable params: 14,714,688
_________________________________________________________________

[2022-01-27 23:21:05,784: INFO: stage2_prepare_base_model]: stage two completed! base model is created >>>>>

